This is XeTeX, Version 3.14159265-2.6-0.99996 (TeX Live 2016) (preloaded format=xelatex 2016.11.28)  13 MAR 2017 17:15
entering extended mode
 restricted \write18 enabled.
 %&-line parsing enabled.
**chap2.tex
(./chap2.tex
LaTeX2e <2016/03/31>
Babel <3.9r> and hyphenation patterns for 83 language(s) loaded.
! Undefined control sequence.
l.2 \chapter
            {å¼ºåŒ–å­¦ä¹ ç ”ç©¶}
The control sequence at the end of the top line
of your error message was never \def'ed. If you have
misspelled it (e.g., `\hobx'), type `I' and the correct
spelling (e.g., `I\hbox'). Otherwise just continue,
and I'll forget about whatever was undefined.


! LaTeX Error: Missing \begin{document}.

See the LaTeX manual or LaTeX Companion for explanation.
Type  H <return>  for immediate help.
 ...                                              
                                                  
l.2 \chapter{å¼º
                åŒ–å­¦ä¹ ç ”ç©¶}
You're in trouble here.  Try typing  <return>  to proceed.
If that doesn't work, type  X <return>  to quit.

Missing character: There is no å¼º in font nullfont!
Missing character: There is no åŒ– in font nullfont!
Missing character: There is no å­¦ in font nullfont!
Missing character: There is no ä¹  in font nullfont!
Missing character: There is no ç ” in font nullfont!
Missing character: There is no ç©¶ in font nullfont!

Overfull \hbox (20.0pt too wide) in paragraph at lines 2--4
[]
 []


! LaTeX Error: Missing \begin{document}.

See the LaTeX manual or LaTeX Companion for explanation.
Type  H <return>  for immediate help.
 ...                                              
                                                  
l.6 \noindent
             \shadowbox{
You're in trouble here.  Try typing  <return>  to proceed.
If that doesn't work, type  X <return>  to quit.

! Undefined control sequence.
l.6 \noindent\shadowbox
                       {
The control sequence at the end of the top line
of your error message was never \def'ed. If you have
misspelled it (e.g., `\hobx'), type `I' and the correct
spelling (e.g., `I\hbox'). Otherwise just continue,
and I'll forget about whatever was undefined.


! LaTeX Error: Environment tcolorbox undefined.

See the LaTeX manual or LaTeX Companion for explanation.
Type  H <return>  for immediate help.
 ...                                              
                                                  
l.7 \begin{tcolorbox}
                     [arc=0mm,colback=lightblue,colframe=darkblue,title=å­¦ä...

Your command was ignored.
Type  I <command> <return>  to replace it with another command,
or  <return>  to continue without it.

Missing character: There is no [ in font nullfont!
Missing character: There is no a in font nullfont!
Missing character: There is no r in font nullfont!
Missing character: There is no c in font nullfont!
Missing character: There is no = in font nullfont!
Missing character: There is no 0 in font nullfont!
Missing character: There is no m in font nullfont!
Missing character: There is no m in font nullfont!
Missing character: There is no , in font nullfont!
Missing character: There is no c in font nullfont!
Missing character: There is no o in font nullfont!
Missing character: There is no l in font nullfont!
Missing character: There is no b in font nullfont!
Missing character: There is no a in font nullfont!
Missing character: There is no c in font nullfont!
Missing character: There is no k in font nullfont!
Missing character: There is no = in font nullfont!
Missing character: There is no l in font nullfont!
Missing character: There is no i in font nullfont!
Missing character: There is no g in font nullfont!
Missing character: There is no h in font nullfont!
Missing character: There is no t in font nullfont!
Missing character: There is no b in font nullfont!
Missing character: There is no l in font nullfont!
Missing character: There is no u in font nullfont!
Missing character: There is no e in font nullfont!
Missing character: There is no , in font nullfont!
Missing character: There is no c in font nullfont!
Missing character: There is no o in font nullfont!
Missing character: There is no l in font nullfont!
Missing character: There is no f in font nullfont!
Missing character: There is no r in font nullfont!
Missing character: There is no a in font nullfont!
Missing character: There is no m in font nullfont!
Missing character: There is no e in font nullfont!
Missing character: There is no = in font nullfont!
Missing character: There is no d in font nullfont!
Missing character: There is no a in font nullfont!
Missing character: There is no r in font nullfont!
Missing character: There is no k in font nullfont!
Missing character: There is no b in font nullfont!
Missing character: There is no l in font nullfont!
Missing character: There is no u in font nullfont!
Missing character: There is no e in font nullfont!
Missing character: There is no , in font nullfont!
Missing character: There is no t in font nullfont!
Missing character: There is no i in font nullfont!
Missing character: There is no t in font nullfont!
Missing character: There is no l in font nullfont!
Missing character: There is no e in font nullfont!
Missing character: There is no = in font nullfont!
Missing character: There is no å­¦ in font nullfont!
Missing character: There is no ä¹  in font nullfont!
Missing character: There is no ç›® in font nullfont!
Missing character: There is no æ ‡ in font nullfont!
Missing character: There is no ä¸ in font nullfont!
Missing character: There is no è¦ in font nullfont!
Missing character: There is no æ±‚ in font nullfont!
Missing character: There is no ] in font nullfont!
! Undefined control sequence.
l.8 \kai
        \textcolor{darkblue}{1.~~å¼ºåŒ–å­¦ä¹ ï¼} \\
The control sequence at the end of the top line
of your error message was never \def'ed. If you have
misspelled it (e.g., `\hobx'), type `I' and the correct
spelling (e.g., `I\hbox'). Otherwise just continue,
and I'll forget about whatever was undefined.

! Undefined control sequence.
l.8 \kai\textcolor
                  {darkblue}{1.~~å¼ºåŒ–å­¦ä¹ ï¼} \\
The control sequence at the end of the top line
of your error message was never \def'ed. If you have
misspelled it (e.g., `\hobx'), type `I' and the correct
spelling (e.g., `I\hbox'). Otherwise just continue,
and I'll forget about whatever was undefined.

Missing character: There is no d in font nullfont!
Missing character: There is no a in font nullfont!
Missing character: There is no r in font nullfont!
Missing character: There is no k in font nullfont!
Missing character: There is no b in font nullfont!
Missing character: There is no l in font nullfont!
Missing character: There is no u in font nullfont!
Missing character: There is no e in font nullfont!
Missing character: There is no 1 in font nullfont!
Missing character: There is no . in font nullfont!
Missing character: There is no å¼º in font nullfont!
Missing character: There is no åŒ– in font nullfont!
Missing character: There is no å­¦ in font nullfont!
Missing character: There is no ä¹  in font nullfont!
Missing character: There is no ï¼ in font nullfont!

! LaTeX Error: \begin{document} ended by \end{tcolorbox}.

See the LaTeX manual or LaTeX Companion for explanation.
Type  H <return>  for immediate help.
 ...                                              
                                                  
l.10 \end{tcolorbox}
                    }
Your command was ignored.
Type  I <command> <return>  to replace it with another command,
or  <return>  to continue without it.

! Undefined control sequence.
l.14 \section
             {å¼ºåŒ–å­¦ä¹ }
The control sequence at the end of the top line
of your error message was never \def'ed. If you have
misspelled it (e.g., `\hobx'), type `I' and the correct
spelling (e.g., `I\hbox'). Otherwise just continue,
and I'll forget about whatever was undefined.


! LaTeX Error: Missing \begin{document}.

See the LaTeX manual or LaTeX Companion for explanation.
Type  H <return>  for immediate help.
 ...                                              
                                                  
l.14 \section{å¼º
                 åŒ–å­¦ä¹ }
You're in trouble here.  Try typing  <return>  to proceed.
If that doesn't work, type  X <return>  to quit.

Missing character: There is no å¼º in font nullfont!
Missing character: There is no åŒ– in font nullfont!
Missing character: There is no å­¦ in font nullfont!
Missing character: There is no ä¹  in font nullfont!

Overfull \hbox (20.0pt too wide) in paragraph at lines 14--15
[] 
 []


! LaTeX Error: Missing \begin{document}.

See the LaTeX manual or LaTeX Companion for explanation.
Type  H <return>  for immediate help.
 ...                                              
                                                  
l.16 è¶…
        å¤§è§„æ¨¡çŠ¶æ€ï¼ŒåŠ¨ä½œç©ºé—´ä¸‹ï¼Œå€¼è¡¨å½¢å¼çš„å€¼å‡½æ•°æ‰€éœ€è¦...

You're in trouble here.  Try typing  <return>  to proceed.
If that doesn't work, type  X <return>  to quit.

Missing character: There is no è¶… in font nullfont!
Missing character: There is no å¤§ in font nullfont!
Missing character: There is no è§„ in font nullfont!
Missing character: There is no æ¨¡ in font nullfont!
Missing character: There is no çŠ¶ in font nullfont!
Missing character: There is no æ€ in font nullfont!
Missing character: There is no ï¼Œ in font nullfont!
Missing character: There is no åŠ¨ in font nullfont!
Missing character: There is no ä½œ in font nullfont!
Missing character: There is no ç©º in font nullfont!
Missing character: There is no é—´ in font nullfont!
Missing character: There is no ä¸‹ in font nullfont!
Missing character: There is no ï¼Œ in font nullfont!
Missing character: There is no å€¼ in font nullfont!
Missing character: There is no è¡¨ in font nullfont!
Missing character: There is no å½¢ in font nullfont!
Missing character: There is no å¼ in font nullfont!
Missing character: There is no çš„ in font nullfont!
Missing character: There is no å€¼ in font nullfont!
Missing character: There is no å‡½ in font nullfont!
Missing character: There is no æ•° in font nullfont!
Missing character: There is no æ‰€ in font nullfont!
Missing character: There is no éœ€ in font nullfont!
Missing character: There is no è¦ in font nullfont!
Missing character: There is no çš„ in font nullfont!
Missing character: There is no å­˜ in font nullfont!
Missing character: There is no è´® in font nullfont!
Missing character: There is no ç©º in font nullfont!
Missing character: There is no é—´ in font nullfont!
Missing character: There is no ä»¥ in font nullfont!
Missing character: There is no åŠ in font nullfont!
Missing character: There is no ç¨€ in font nullfont!
Missing character: There is no ç– in font nullfont!
Missing character: There is no æ€§ in font nullfont!
Missing character: There is no å¯¼ in font nullfont!
Missing character: There is no è‡´ in font nullfont!
Missing character: There is no æ—  in font nullfont!
Missing character: There is no æ³• in font nullfont!
Missing character: There is no å®Œ in font nullfont!
Missing character: There is no æˆ in font nullfont!
Missing character: There is no æœ‰ in font nullfont!
Missing character: There is no æ•ˆ in font nullfont!
Missing character: There is no çš„ in font nullfont!
Missing character: There is no è®¡ in font nullfont!
Missing character: There is no ç®— in font nullfont!
Missing character: There is no ï¼› in font nullfont!
Missing character: There is no é€š in font nullfont!
Missing character: There is no å¸¸ in font nullfont!
Missing character: There is no é‡‡ in font nullfont!
Missing character: There is no ç”¨ in font nullfont!
Missing character: There is no å€¼ in font nullfont!
Missing character: There is no å‡½ in font nullfont!
Missing character: There is no æ•° in font nullfont!
Missing character: There is no ä¼° in font nullfont!
Missing character: There is no è®¡ in font nullfont!
Missing character: There is no æ¥ in font nullfont!
Missing character: There is no è§£ in font nullfont!
Missing character: There is no å†³ in font nullfont!
Missing character: There is no ï¼› in font nullfont!
Missing character: There is no è®² in font nullfont!
Missing character: There is no å€¼ in font nullfont!
Missing character: There is no å‡½ in font nullfont!
Missing character: There is no æ•° in font nullfont!
Missing character: There is no è¿› in font nullfont!
Missing character: There is no è¡Œ in font nullfont!
Missing character: There is no å‚ in font nullfont!
Missing character: There is no æ•° in font nullfont!
Missing character: There is no åŒ– in font nullfont!

Overfull \hbox (20.0pt too wide) in paragraph at lines 16--18
[]
 []


! LaTeX Error: Missing \begin{document}.

See the LaTeX manual or LaTeX Companion for explanation.
Type  H <return>  for immediate help.
 ...                                              
                                                  
l.20 æ’
        åºæƒé‡çš„æ¬§å¼ç©ºé—´å°±æ˜¯agentçš„åŠ¨ä½œç©ºé—´ï¼ŒçŠ¶æ€ç©ºé—´ä¹Ÿ...

You're in trouble here.  Try typing  <return>  to proceed.
If that doesn't work, type  X <return>  to quit.

Missing character: There is no æ’ in font nullfont!
Missing character: There is no åº in font nullfont!
Missing character: There is no æƒ in font nullfont!
Missing character: There is no é‡ in font nullfont!
Missing character: There is no çš„ in font nullfont!
Missing character: There is no æ¬§ in font nullfont!
Missing character: There is no å¼ in font nullfont!
Missing character: There is no ç©º in font nullfont!
Missing character: There is no é—´ in font nullfont!
Missing character: There is no å°± in font nullfont!
Missing character: There is no æ˜¯ in font nullfont!
Missing character: There is no a in font nullfont!
Missing character: There is no g in font nullfont!
Missing character: There is no e in font nullfont!
Missing character: There is no n in font nullfont!
Missing character: There is no t in font nullfont!
Missing character: There is no çš„ in font nullfont!
Missing character: There is no åŠ¨ in font nullfont!
Missing character: There is no ä½œ in font nullfont!
Missing character: There is no ç©º in font nullfont!
Missing character: There is no é—´ in font nullfont!
Missing character: There is no ï¼Œ in font nullfont!
Missing character: There is no çŠ¶ in font nullfont!
Missing character: There is no æ€ in font nullfont!
Missing character: There is no ç©º in font nullfont!
Missing character: There is no é—´ in font nullfont!
Missing character: There is no ä¹Ÿ in font nullfont!
Missing character: There is no è¡¨ in font nullfont!
Missing character: There is no å¾ in font nullfont!
Missing character: There is no æˆ in font nullfont!
Missing character: There is no è¿ in font nullfont!
Missing character: There is no ç»­ in font nullfont!
Missing character: There is no çš„ in font nullfont!
Missing character: There is no æ•° in font nullfont!
Missing character: There is no å€¼ in font nullfont!
Missing character: There is no ç©º in font nullfont!
Missing character: There is no é—´ in font nullfont!
Missing character: There is no ï¼› in font nullfont!
Missing character: There is no å›  in font nullfont!
Missing character: There is no æ­¤ in font nullfont!
Missing character: There is no é—® in font nullfont!
Missing character: There is no é¢˜ in font nullfont!
Missing character: There is no æ˜¯ in font nullfont!
Missing character: There is no åœ¨ in font nullfont!
Missing character: There is no ä¸¤ in font nullfont!
Missing character: There is no ä¸ª in font nullfont!
Missing character: There is no è¿ in font nullfont!
Missing character: There is no ç»­ in font nullfont!
Missing character: There is no çš„ in font nullfont!
Missing character: There is no æ•° in font nullfont!
Missing character: There is no å€¼ in font nullfont!
Missing character: There is no ç©º in font nullfont!
Missing character: There is no é—´ in font nullfont!
Missing character: There is no ä¸‹ in font nullfont!
Missing character: There is no å­¦ in font nullfont!
Missing character: There is no ä¹  in font nullfont!
Missing character: There is no æœ€ in font nullfont!
Missing character: There is no ä¼˜ in font nullfont!
Missing character: There is no çš„ in font nullfont!
Missing character: There is no æ˜  in font nullfont!
Missing character: There is no å°„ in font nullfont!
Missing character: There is no å…³ in font nullfont!
Missing character: There is no ç³» in font nullfont!
Missing character: There is no ï¼› in font nullfont!
Missing character: There is no ç­– in font nullfont!
Missing character: There is no ç•¥ in font nullfont!
Missing character: There is no é€¼ in font nullfont!
Missing character: There is no è¿‘ in font nullfont!
Missing character: There is no æ–¹ in font nullfont!
Missing character: There is no æ³• in font nullfont!
Missing character: There is no æ˜¯ in font nullfont!
Missing character: There is no é€š in font nullfont!
Missing character: There is no å¸¸ in font nullfont!
Missing character: There is no è§£ in font nullfont!
Missing character: There is no å†³ in font nullfont!
Missing character: There is no è¿ in font nullfont!
Missing character: There is no ç»­ in font nullfont!
Missing character: There is no çŠ¶ in font nullfont!
Missing character: There is no æ€ in font nullfont!
Missing character: There is no å’Œ in font nullfont!
Missing character: There is no è¿ in font nullfont!
Missing character: There is no ç»­ in font nullfont!
Missing character: There is no ç­– in font nullfont!
Missing character: There is no ç•¥ in font nullfont!
Missing character: There is no ç©º in font nullfont!
Missing character: There is no é—´ in font nullfont!
Missing character: There is no çš„ in font nullfont!
Missing character: There is no æœ‰ in font nullfont!
Missing character: There is no æ•ˆ in font nullfont!
Missing character: There is no æ–¹ in font nullfont!
Missing character: There is no æ³• in font nullfont!
Missing character: There is no ï¼Œ in font nullfont!
Missing character: There is no å…¶ in font nullfont!
Missing character: There is no ä¸» in font nullfont!
Missing character: There is no è¦ in font nullfont!
Missing character: There is no æ€ in font nullfont!
Missing character: There is no æƒ³ in font nullfont!
Missing character: There is no å’Œ in font nullfont!
Missing character: There is no å€¼ in font nullfont!
Missing character: There is no å‡½ in font nullfont!
Missing character: There is no æ•° in font nullfont!
Missing character: There is no ä¼° in font nullfont!
Missing character: There is no è®¡ in font nullfont!
Missing character: There is no ç±» in font nullfont!
Missing character: There is no ä¼¼ in font nullfont!
Missing character: There is no ï¼Œ in font nullfont!
Missing character: There is no å³ in font nullfont!
Missing character: There is no ç”¨ in font nullfont!
Missing character: There is no å‚ in font nullfont!
Missing character: There is no æ•° in font nullfont!
Missing character: There is no åŒ– in font nullfont!
Missing character: There is no çš„ in font nullfont!
Missing character: There is no å‡½ in font nullfont!
Missing character: There is no æ•° in font nullfont!
Missing character: There is no å¯¹ in font nullfont!
Missing character: There is no ç­– in font nullfont!
Missing character: There is no ç•¥ in font nullfont!
Missing character: There is no è¿› in font nullfont!
Missing character: There is no è¡Œ in font nullfont!
Missing character: There is no è¡¨ in font nullfont!
Missing character: There is no è¾¾ in font nullfont!
Missing character: There is no ï¼Œ in font nullfont!
Missing character: There is no é€š in font nullfont!
Missing character: There is no è¿‡ in font nullfont!
Missing character: There is no ä¼˜ in font nullfont!
Missing character: There is no åŒ– in font nullfont!
Missing character: There is no å‚ in font nullfont!
Missing character: There is no æ•° in font nullfont!
Missing character: There is no æ¥ in font nullfont!
Missing character: There is no å®Œ in font nullfont!
Missing character: There is no æˆ in font nullfont!
Missing character: There is no ç­– in font nullfont!
Missing character: There is no ç•¥ in font nullfont!
Missing character: There is no çš„ in font nullfont!
Missing character: There is no å­¦ in font nullfont!
Missing character: There is no ä¹  in font nullfont!
Missing character: There is no ï¼Œ in font nullfont!
Missing character: There is no å‚ in font nullfont!
Missing character: There is no æ•° in font nullfont!
Missing character: There is no çš„ in font nullfont!
Missing character: There is no ç­– in font nullfont!
Missing character: There is no ç•¥ in font nullfont!
Missing character: There is no å‡½ in font nullfont!
Missing character: There is no æ•° in font nullfont!
Missing character: There is no é€š in font nullfont!
Missing character: There is no å¸¸ in font nullfont!
Missing character: There is no ç§° in font nullfont!
Missing character: There is no ä¸º in font nullfont!
Missing character: There is no a in font nullfont!
Missing character: There is no c in font nullfont!
Missing character: There is no t in font nullfont!
Missing character: There is no o in font nullfont!
Missing character: There is no r in font nullfont!
Missing character: There is no ï¼› in font nullfont!
Missing character: There is no æˆ‘ in font nullfont!
Missing character: There is no ä»¬ in font nullfont!
Missing character: There is no é‡‡ in font nullfont!
Missing character: There is no ç”¨ in font nullfont!
Missing character: There is no ç¡® in font nullfont!
Missing character: There is no å®š in font nullfont!
Missing character: There is no æ€§ in font nullfont!
Missing character: There is no ç­– in font nullfont!
Missing character: There is no ç•¥ in font nullfont!
Missing character: There is no æ¢¯ in font nullfont!
Missing character: There is no åº¦ in font nullfont!
Missing character: There is no ç®— in font nullfont!
Missing character: There is no æ³• in font nullfont!
Missing character: There is no æ¥ in font nullfont!
Missing character: There is no è¿› in font nullfont!
Missing character: There is no è¡Œ in font nullfont!
Missing character: There is no æ’ in font nullfont!
Missing character: There is no åº in font nullfont!
Missing character: There is no çš„ in font nullfont!
Missing character: There is no å® in font nullfont!
Missing character: There is no æ—¶ in font nullfont!
Missing character: There is no è°ƒ in font nullfont!
Missing character: There is no æ§ in font nullfont!
Missing character: There is no ä¼˜ in font nullfont!
Missing character: There is no åŒ– in font nullfont!
Missing character: There is no ï¼› in font nullfont!

Overfull \hbox (20.0pt too wide) in paragraph at lines 20--25
[]
 []


! LaTeX Error: Missing \begin{document}.

See the LaTeX manual or LaTeX Companion for explanation.
Type  H <return>  for immediate help.
 ...                                              
                                                  
l.26 a
      ctorçš„è¾“å‡ºæ˜¯ä¸€ä¸ªç¡®å®šæ€§çš„ç­–ç•¥ï¼ˆå³æŸä¸ªåŠ¨ä½œ), å› ä¸ºåœ¨...

You're in trouble here.  Try typing  <return>  to proceed.
If that doesn't work, type  X <return>  to quit.

Missing character: There is no a in font nullfont!
Missing character: There is no c in font nullfont!
Missing character: There is no t in font nullfont!
Missing character: There is no o in font nullfont!
Missing character: There is no r in font nullfont!
Missing character: There is no çš„ in font nullfont!
Missing character: There is no è¾“ in font nullfont!
Missing character: There is no å‡º in font nullfont!
Missing character: There is no æ˜¯ in font nullfont!
Missing character: There is no ä¸€ in font nullfont!
Missing character: There is no ä¸ª in font nullfont!
Missing character: There is no ç¡® in font nullfont!
Missing character: There is no å®š in font nullfont!
Missing character: There is no æ€§ in font nullfont!
Missing character: There is no çš„ in font nullfont!
Missing character: There is no ç­– in font nullfont!
Missing character: There is no ç•¥ in font nullfont!
Missing character: There is no ï¼ˆ in font nullfont!
Missing character: There is no å³ in font nullfont!
Missing character: There is no æŸ in font nullfont!
Missing character: There is no ä¸ª in font nullfont!
Missing character: There is no åŠ¨ in font nullfont!
Missing character: There is no ä½œ in font nullfont!
Missing character: There is no ) in font nullfont!
Missing character: There is no , in font nullfont!
Missing character: There is no å›  in font nullfont!
Missing character: There is no ä¸º in font nullfont!
Missing character: There is no åœ¨ in font nullfont!
Missing character: There is no å® in font nullfont!
Missing character: There is no é™… in font nullfont!
Missing character: There is no çš„ in font nullfont!
Missing character: There is no o in font nullfont!
Missing character: There is no n in font nullfont!
Missing character: There is no l in font nullfont!
Missing character: There is no i in font nullfont!
Missing character: There is no e in font nullfont!
Missing character: There is no n in font nullfont!
Missing character: There is no æœ in font nullfont!
Missing character: There is no åŠ¡ in font nullfont!
Missing character: There is no æ—¶ in font nullfont!
Missing character: There is no å€™ in font nullfont!
Missing character: There is no ï¼Œ in font nullfont!
Missing character: There is no æˆ‘ in font nullfont!
Missing character: There is no ä»¬ in font nullfont!
Missing character: There is no æ—  in font nullfont!
Missing character: There is no æ³• in font nullfont!
Missing character: There is no å» in font nullfont!
Missing character: There is no æ‰§ in font nullfont!
Missing character: There is no è¡Œ in font nullfont!
Missing character: There is no åœ¨ in font nullfont!
Missing character: There is no è¿ in font nullfont!
Missing character: There is no ç»­ in font nullfont!
Missing character: There is no ç©º in font nullfont!
Missing character: There is no é—´ in font nullfont!
Missing character: There is no ä¸‹ in font nullfont!
Missing character: There is no çš„ in font nullfont!
Missing character: There is no o in font nullfont!
Missing character: There is no n in font nullfont!
Missing character: There is no l in font nullfont!
Missing character: There is no i in font nullfont!
Missing character: There is no n in font nullfont!
Missing character: There is no e in font nullfont!
Missing character: There is no çš„ in font nullfont!
Missing character: There is no a in font nullfont!
Missing character: There is no r in font nullfont!
Missing character: There is no g in font nullfont!
Missing character: There is no m in font nullfont!
Missing character: There is no a in font nullfont!
Missing character: There is no x in font nullfont!
Missing character: There is no æ“ in font nullfont!
Missing character: There is no ä½œ in font nullfont!
Missing character: There is no ï¼› in font nullfont!
Missing character: There is no å›  in font nullfont!
Missing character: There is no ä¸º in font nullfont!
Missing character: There is no å¦‚ in font nullfont!
Missing character: There is no æœ in font nullfont!
Missing character: There is no æ˜¯ in font nullfont!
Missing character: There is no s in font nullfont!
Missing character: There is no t in font nullfont!
Missing character: There is no o in font nullfont!
Missing character: There is no c in font nullfont!
Missing character: There is no h in font nullfont!
Missing character: There is no a in font nullfont!
Missing character: There is no s in font nullfont!
Missing character: There is no t in font nullfont!
Missing character: There is no i in font nullfont!
Missing character: There is no c in font nullfont!
Missing character: There is no çš„ in font nullfont!
Missing character: There is no ç­– in font nullfont!
Missing character: There is no ç•¥ in font nullfont!
Missing character: There is no è§£ in font nullfont!
Missing character: There is no ç©º in font nullfont!
Missing character: There is no é—´ in font nullfont!
Missing character: There is no ä¸‹ in font nullfont!
Missing character: There is no ï¼Œ in font nullfont!
Missing character: There is no æˆ‘ in font nullfont!
Missing character: There is no ä»¬ in font nullfont!
Missing character: There is no å¾— in font nullfont!
Missing character: There is no åˆ° in font nullfont!
Missing character: There is no çš„ in font nullfont!
Missing character: There is no åŠ¨ in font nullfont!
Missing character: There is no ä½œ in font nullfont!
Missing character: There is no çš„ in font nullfont!
Missing character: There is no æ¦‚ in font nullfont!
Missing character: There is no ç‡ in font nullfont!
Missing character: There is no åˆ† in font nullfont!
Missing character: There is no å¸ƒ in font nullfont!
Missing character: There is no ï¼Œ in font nullfont!
Missing character: There is no è€Œ in font nullfont!
Missing character: There is no ä¸ in font nullfont!
Missing character: There is no æ˜¯ in font nullfont!
Missing character: There is no ç¡® in font nullfont!
Missing character: There is no å®š in font nullfont!
Missing character: There is no çš„ in font nullfont!
Missing character: There is no ç­– in font nullfont!
Missing character: There is no ç•¥ in font nullfont!
Missing character: There is no ï¼Œ in font nullfont!
Missing character: There is no è¿™ in font nullfont!
Missing character: There is no æ · in font nullfont!
Missing character: There is no ï¼Œ in font nullfont!
Missing character: There is no è¦ in font nullfont!
Missing character: There is no æ±‚ in font nullfont!
Missing character: There is no æˆ‘ in font nullfont!
Missing character: There is no ä»¬ in font nullfont!
Missing character: There is no å» in font nullfont!
Missing character: There is no åœ¨ in font nullfont!
Missing character: There is no ç­– in font nullfont!
Missing character: There is no ç•¥ in font nullfont!
Missing character: There is no ç©º in font nullfont!
Missing character: There is no é—´ in font nullfont!
Missing character: There is no ä¸‹ in font nullfont!
Missing character: There is no æ‰§ in font nullfont!
Missing character: There is no è¡Œ in font nullfont!
Missing character: There is no a in font nullfont!
Missing character: There is no r in font nullfont!
Missing character: There is no g in font nullfont!
Missing character: There is no m in font nullfont!
Missing character: There is no a in font nullfont!
Missing character: There is no x in font nullfont!
Missing character: There is no çš„ in font nullfont!
Missing character: There is no æœ in font nullfont!
Missing character: There is no ç´¢ in font nullfont!
Missing character: There is no ï¼› in font nullfont!
Missing character: There is no åœ¨ in font nullfont!
Missing character: There is no è¿ in font nullfont!
Missing character: There is no ç»­ in font nullfont!
Missing character: There is no åŠ¨ in font nullfont!
Missing character: There is no ä½œ in font nullfont!
Missing character: There is no ç©º in font nullfont!
Missing character: There is no é—´ in font nullfont!
Missing character: There is no ä¸‹ in font nullfont!
Missing character: There is no ï¼Œ in font nullfont!
Missing character: There is no ç¡® in font nullfont!
Missing character: There is no å®š in font nullfont!
Missing character: There is no æ€§ in font nullfont!
Missing character: There is no ç­– in font nullfont!
Missing character: There is no ç•¥ in font nullfont!
Missing character: There is no å‡½ in font nullfont!
Missing character: There is no æ•° in font nullfont!
Missing character: There is no å¯ in font nullfont!
Missing character: There is no ä»¥ in font nullfont!
Missing character: There is no å¤§ in font nullfont!
Missing character: There is no å¹… in font nullfont!
Missing character: There is no æ in font nullfont!
Missing character: There is no å‡ in font nullfont!
Missing character: There is no ç­– in font nullfont!
Missing character: There is no ç•¥ in font nullfont!
Missing character: There is no æ”¹ in font nullfont!
Missing character: There is no è¿› in font nullfont!
Missing character: There is no çš„ in font nullfont!
Missing character: There is no æ•ˆ in font nullfont!
Missing character: There is no ç‡ in font nullfont!
Missing character: There is no ï¼› in font nullfont!
Missing character: There is no æˆ‘ in font nullfont!
Missing character: There is no ä»¬ in font nullfont!
Missing character: There is no é‡‡ in font nullfont!
Missing character: There is no ç”¨ in font nullfont!
Missing character: There is no çš„ in font nullfont!
Missing character: There is no a in font nullfont!
Missing character: There is no c in font nullfont!
Missing character: There is no t in font nullfont!
Missing character: There is no o in font nullfont!
Missing character: There is no r in font nullfont!
Missing character: There is no ä»¥ in font nullfont!
Missing character: There is no è½¬ in font nullfont!
Missing character: There is no å° in font nullfont!
Missing character: There is no çš„ in font nullfont!
Missing character: There is no ç‰¹ in font nullfont!
Missing character: There is no å¾ in font nullfont!
Missing character: There is no ä½œ in font nullfont!
Missing character: There is no ä¸º in font nullfont!
Missing character: There is no è¾“ in font nullfont!
Missing character: There is no å…¥ in font nullfont!
Missing character: There is no ï¼Œ in font nullfont!
Missing character: There is no ä»¥ in font nullfont!
Missing character: There is no æœ€ in font nullfont!
Missing character: There is no ç»ˆ in font nullfont!
Missing character: There is no ç”Ÿ in font nullfont!
Missing character: There is no æ•ˆ in font nullfont!
Missing character: There is no çš„ in font nullfont!
Missing character: There is no æ’ in font nullfont!
Missing character: There is no åº in font nullfont!
Missing character: There is no æƒ in font nullfont!
Missing character: There is no é‡ in font nullfont!
Missing character: There is no åˆ† in font nullfont!
Missing character: There is no ä½œ in font nullfont!
Missing character: There is no ä¸º in font nullfont!
Missing character: There is no è¾“ in font nullfont!
Missing character: There is no å‡º in font nullfont!
Missing character: There is no ã€‚ in font nullfont!
Missing character: There is no è¿™ in font nullfont!
Missing character: There is no æ · in font nullfont!
Missing character: There is no æˆ‘ in font nullfont!
Missing character: There is no ä»¬ in font nullfont!
Missing character: There is no ä¸€ in font nullfont!
Missing character: There is no å…± in font nullfont!
Missing character: There is no éœ€ in font nullfont!
Missing character: There is no è¦ in font nullfont!
Missing character: There is no è°ƒ in font nullfont!
Missing character: There is no æ§ in font nullfont!
Missing character: There is no m in font nullfont!
Missing character: There is no ä¸ª in font nullfont!
Missing character: There is no ç»´ in font nullfont!
Missing character: There is no åº¦ in font nullfont!
Missing character: There is no çš„ in font nullfont!
Missing character: There is no æ’ in font nullfont!
Missing character: There is no åº in font nullfont!
Missing character: There is no æƒ in font nullfont!
Missing character: There is no é‡ in font nullfont!
Missing character: There is no ï¼Œ in font nullfont!
Missing character: There is no å¯¹ in font nullfont!
Missing character: There is no äº in font nullfont!
Missing character: There is no ä»» in font nullfont!
Missing character: There is no ç»™ in font nullfont!
Missing character: There is no çŠ¶ in font nullfont!
Missing character: There is no æ€ in font nullfont!
Missing character: There is no s in font nullfont!
Missing character: There is no ï¼Œ in font nullfont!
Missing character: There is no a in font nullfont!
Missing character: There is no c in font nullfont!
Missing character: There is no t in font nullfont!
Missing character: There is no o in font nullfont!
Missing character: There is no r in font nullfont!
Missing character: There is no å¯¹ in font nullfont!
Missing character: There is no åº” in font nullfont!
Missing character: There is no çš„ in font nullfont!
Missing character: There is no è¾“ in font nullfont!
Missing character: There is no å‡º in font nullfont!
Missing character: There is no è¡¨ in font nullfont!
Missing character: There is no ç¤º in font nullfont!
Missing character: There is no ä¸º in font nullfont!
Missing character: There is no ï¼š in font nullfont!

Overfull \hbox (20.0pt too wide) in paragraph at lines 26--33
[]
 []


! LaTeX Error: Environment thebibliography undefined.

See the LaTeX manual or LaTeX Companion for explanation.
Type  H <return>  for immediate help.
 ...                                              
                                                  
l.37 \begin{thebibliography}
                            {99}
Your command was ignored.
Type  I <command> <return>  to replace it with another command,
or  <return>  to continue without it.


! LaTeX Error: Missing \begin{document}.

See the LaTeX manual or LaTeX Companion for explanation.
Type  H <return>  for immediate help.
 ...                                              
                                                  
l.37 \begin{thebibliography}{9
                              9}
You're in trouble here.  Try typing  <return>  to proceed.
If that doesn't work, type  X <return>  to quit.

Missing character: There is no 9 in font nullfont!
Missing character: There is no 9 in font nullfont!

Overfull \hbox (20.0pt too wide) in paragraph at lines 37--40
[]
 []


! LaTeX Error: Lonely \item--perhaps a missing list environment.

See the LaTeX manual or LaTeX Companion for explanation.
Type  H <return>  for immediate help.
 ...                                              
                                                  
l.40 \bibitem{1}
                 C. Burges, T. Shaked, etc.., Learning to rank
Try typing  <return>  to proceed.
If that doesn't work, type  X <return>  to quit.

! Undefined control sequence.
<argument> \@listctr 
                     
l.40 \bibitem{1}
                 C. Burges, T. Shaked, etc.., Learning to rank
The control sequence at the end of the top line
of your error message was never \def'ed. If you have
misspelled it (e.g., `\hobx'), type `I' and the correct
spelling (e.g., `I\hbox'). Otherwise just continue,
and I'll forget about whatever was undefined.

! You can't use `\relax' after \the.
<recently read> \c@ 
                    
l.40 \bibitem{1}
                 C. Burges, T. Shaked, etc.., Learning to rank
I'm forgetting what you said and using zero instead.

\bibcite{1}{0}
Missing character: There is no C in font nullfont!
Missing character: There is no . in font nullfont!
Missing character: There is no B in font nullfont!
Missing character: There is no u in font nullfont!
Missing character: There is no r in font nullfont!
Missing character: There is no g in font nullfont!
Missing character: There is no e in font nullfont!
Missing character: There is no s in font nullfont!
Missing character: There is no , in font nullfont!
Missing character: There is no T in font nullfont!
Missing character: There is no . in font nullfont!
Missing character: There is no S in font nullfont!
Missing character: There is no h in font nullfont!
Missing character: There is no a in font nullfont!
Missing character: There is no k in font nullfont!
Missing character: There is no e in font nullfont!
Missing character: There is no d in font nullfont!
Missing character: There is no , in font nullfont!
Missing character: There is no e in font nullfont!
Missing character: There is no t in font nullfont!
Missing character: There is no c in font nullfont!
Missing character: There is no . in font nullfont!
Missing character: There is no . in font nullfont!
Missing character: There is no , in font nullfont!
Missing character: There is no L in font nullfont!
Missing character: There is no e in font nullfont!
Missing character: There is no a in font nullfont!
Missing character: There is no r in font nullfont!
Missing character: There is no n in font nullfont!
Missing character: There is no i in font nullfont!
Missing character: There is no n in font nullfont!
Missing character: There is no g in font nullfont!
Missing character: There is no t in font nullfont!
Missing character: There is no o in font nullfont!
Missing character: There is no r in font nullfont!
Missing character: There is no a in font nullfont!
Missing character: There is no n in font nullfont!
Missing character: There is no k in font nullfont!
Missing character: There is no u in font nullfont!
Missing character: There is no s in font nullfont!
Missing character: There is no i in font nullfont!
Missing character: There is no n in font nullfont!
Missing character: There is no g in font nullfont!
Missing character: There is no g in font nullfont!
Missing character: There is no r in font nullfont!
Missing character: There is no a in font nullfont!
Missing character: There is no d in font nullfont!
Missing character: There is no i in font nullfont!
Missing character: There is no e in font nullfont!
Missing character: There is no n in font nullfont!
Missing character: There is no t in font nullfont!
Missing character: There is no d in font nullfont!
Missing character: There is no e in font nullfont!
Missing character: There is no s in font nullfont!
Missing character: There is no c in font nullfont!
Missing character: There is no e in font nullfont!
Missing character: There is no n in font nullfont!
Missing character: There is no t in font nullfont!
Missing character: There is no . in font nullfont!
Missing character: There is no I in font nullfont!
Missing character: There is no n in font nullfont!
Missing character: There is no P in font nullfont!
Missing character: There is no r in font nullfont!
Missing character: There is no o in font nullfont!
Missing character: There is no c in font nullfont!
Missing character: There is no e in font nullfont!
Missing character: There is no e in font nullfont!
Missing character: There is no d in font nullfont!
Missing character: There is no i in font nullfont!
Missing character: There is no n in font nullfont!
Missing character: There is no g in font nullfont!
Missing character: There is no s in font nullfont!
Missing character: There is no o in font nullfont!
Missing character: There is no f in font nullfont!
Missing character: There is no t in font nullfont!
Missing character: There is no h in font nullfont!
Missing character: There is no e in font nullfont!
Missing character: There is no 2 in font nullfont!
Missing character: There is no 2 in font nullfont!
Missing character: There is no n in font nullfont!
Missing character: There is no d in font nullfont!
Missing character: There is no i in font nullfont!
Missing character: There is no n in font nullfont!
Missing character: There is no t in font nullfont!
Missing character: There is no e in font nullfont!
Missing character: There is no r in font nullfont!
Missing character: There is no n in font nullfont!
Missing character: There is no a in font nullfont!
Missing character: There is no t in font nullfont!
Missing character: There is no i in font nullfont!
Missing character: There is no o in font nullfont!
Missing character: There is no n in font nullfont!
Missing character: There is no a in font nullfont!
Missing character: There is no l in font nullfont!
Missing character: There is no c in font nullfont!
Missing character: There is no o in font nullfont!
Missing character: There is no n in font nullfont!
Missing character: There is no f in font nullfont!
Missing character: There is no e in font nullfont!
Missing character: There is no r in font nullfont!
Missing character: There is no e in font nullfont!
Missing character: There is no n in font nullfont!
Missing character: There is no c in font nullfont!
Missing character: There is no e in font nullfont!
Missing character: There is no o in font nullfont!
Missing character: There is no n in font nullfont!
Missing character: There is no m in font nullfont!
Missing character: There is no a in font nullfont!
Missing character: There is no c in font nullfont!
Missing character: There is no h in font nullfont!
Missing character: There is no i in font nullfont!
Missing character: There is no n in font nullfont!
Missing character: There is no e in font nullfont!
Missing character: There is no l in font nullfont!
Missing character: There is no e in font nullfont!
Missing character: There is no a in font nullfont!
Missing character: There is no r in font nullfont!
Missing character: There is no n in font nullfont!
Missing character: There is no i in font nullfont!
Missing character: There is no n in font nullfont!
Missing character: There is no g in font nullfont!
Missing character: There is no , in font nullfont!
Missing character: There is no A in font nullfont!
Missing character: There is no C in font nullfont!
Missing character: There is no M in font nullfont!

! LaTeX Error: \begin{document} ended by \end{thebibliography}.

See the LaTeX manual or LaTeX Companion for explanation.
Type  H <return>  for immediate help.
 ...                                              
                                                  
l.43 \end{thebibliography}
                          
Your command was ignored.
Type  I <command> <return>  to replace it with another command,
or  <return>  to continue without it.

)
! Emergency stop.
<*> chap2.tex
             
*** (job aborted, no legal \end found)

 
Here is how much of TeX's memory you used:
 9 strings out of 493591
 90 string characters out of 6143545
 53754 words of memory out of 5000000
 3518 multiletter control sequences out of 15000+600000
 3640 words of font info for 14 fonts, out of 8000000 for 9000
 1347 hyphenation exceptions out of 8191
 8i,1n,8p,98b,35s stack positions out of 5000i,500n,10000p,200000b,80000s
No pages of output.
