\BOOKMARK [0][-]{chapter.1}{\376\377\173\054\116\000\172\340\000\040\000\040\136\217\212\000}{}% 1
\BOOKMARK [1][-]{section.1.1}{\376\377\0001\000.\0001\000\040\173\227\154\325\157\024\217\333\116\113\215\357}{chapter.1}% 2
\BOOKMARK [2][-]{subsection.1.1.1}{\376\377\0001\000.\0001\000.\0001\000\040\116\272\135\345\000+\137\061\173\227\154\325\145\366\116\343}{section.1.1}% 3
\BOOKMARK [2][-]{subsection.1.1.2}{\376\377\0001\000.\0001\000.\0002\000\040\131\047\211\304\152\041\147\072\126\150\133\146\116\140\145\366\116\343}{section.1.1}% 4
\BOOKMARK [2][-]{subsection.1.1.3}{\376\377\0001\000.\0001\000.\0003\000\040\121\306\116\272\135\345\146\172\200\375\145\366\116\343}{section.1.1}% 5
\BOOKMARK [2][-]{subsection.1.1.4}{\376\377\0001\000.\0001\000.\0004\000\040\116\272\135\345\146\172\200\375\145\366\116\343}{section.1.1}% 6
\BOOKMARK [1][-]{section.1.2}{\376\377\0001\000.\0002\000\040\213\304\117\060\117\123\174\373}{chapter.1}% 7
\BOOKMARK [1][-]{section.1.3}{\376\377\0001\000.\0003\000\040\142\200\147\057\117\123\174\373\217\333\134\125}{chapter.1}% 8
\BOOKMARK [0][-]{chapter*.3}{\376\377\000\040\123\302\200\003\145\207\163\056}{}% 9
\BOOKMARK [0][-]{chapter.2}{\376\377\173\054\116\214\172\340\000\040\000\040\000\040\116\032\122\241\225\356\230\230\142\100\136\046\147\145\166\204\142\200\147\057\143\021\142\030\000@\155\330\133\235\000\040}{}% 10
\BOOKMARK [1][-]{section.2.1}{\376\377\0002\000.\0001\000\040\116\032\122\241\225\356\230\230\166\204\140\035\200\003\000@\155\330\133\235\144\034\175\042}{chapter.2}% 11
\BOOKMARK [2][-]{subsection.2.1.1}{\376\377\0002\000.\0001\000.\0001\000\040\122\250\140\001\140\047}{section.2.1}% 12
\BOOKMARK [2][-]{subsection.2.1.2}{\376\377\0002\000.\0001\000.\0002\000\040\121\150\224\376\215\357\117\030\123\026}{section.2.1}% 13
\BOOKMARK [2][-]{subsection.2.1.3}{\376\377\0002\000.\0001\000.\0003\000\040\125\106\116\032\134\136\140\047}{section.2.1}% 14
\BOOKMARK [2][-]{subsection.2.1.4}{\376\377\0002\000.\0001\000.\0004\000\040\127\202\166\364\123\026}{section.2.1}% 15
\BOOKMARK [1][-]{section.2.2}{\376\377\0002\000.\0002\000\040\142\200\147\057\143\021\142\030\000@\116\032\122\241\225\356\230\230}{chapter.2}% 16
\BOOKMARK [2][-]{subsection.2.2.1}{\376\377\0002\000.\0002\000.\0001\000\040\173\227\154\325\152\041\127\213}{section.2.2}% 17
\BOOKMARK [2][-]{subsection.2.2.2}{\376\377\0002\000.\0002\000.\0002\000\040\135\345\172\013\142\200\147\057}{section.2.2}% 18
\BOOKMARK [2][-]{subsection.2.2.3}{\376\377\0002\000.\0002\000.\0003\000\040\145\110\147\234\213\304\117\060}{section.2.2}% 19
\BOOKMARK [0][-]{chapter*.6}{\376\377\000\040\123\302\200\003\145\207\163\056}{}% 20
\BOOKMARK [0][-]{chapter.3}{\376\377\173\054\116\011\172\340\000\040\000\040\144\034\175\042\135\345\172\013\124\214\173\227\154\325\147\266\147\204\117\123\174\373}{}% 21
\BOOKMARK [1][-]{section.3.1}{\376\377\0003\000.\0001\000\040\135\345\172\013\147\266\147\204}{chapter.3}% 22
\BOOKMARK [1][-]{section.3.2}{\376\377\0003\000.\0002\000\040\173\227\154\325\147\266\147\204}{chapter.3}% 23
\BOOKMARK [1][-]{section.3.3}{\376\377\0003\000.\0003\000\040\213\304\117\060\143\007\150\007\123\312\000a\000b\174\373\176\337}{chapter.3}% 24
\BOOKMARK [1][-]{section.3.4}{\376\377\0003\000.\0004\000\040\135\345\117\134\155\101\124\214\145\160\143\156\155\101}{chapter.3}% 25
\BOOKMARK [0][-]{chapter*.9}{\376\377\000\040\123\302\200\003\145\207\163\056}{}% 26
\BOOKMARK [0][-]{chapter.4}{\376\377\173\054\126\333\172\340\000\040\000\040\144\034\175\042\213\315\200\314\124\016\166\204\142\200\147\057}{}% 27
\BOOKMARK [1][-]{section.4.1}{\376\377\0004\000.\0001\000\040\136\225\176\271\143\250\203\120\142\200\147\057}{chapter.4}% 28
\BOOKMARK [1][-]{section.4.2}{\376\377\0004\000.\0002\000\040\147\345\213\342\213\315\145\071\121\231\142\151\134\125\142\200\147\057}{chapter.4}% 29
\BOOKMARK [1][-]{section.4.3}{\376\377\0004\000.\0003\000\040\147\345\213\342\213\315\141\017\126\376\230\204\155\113\142\200\147\057}{chapter.4}% 30
\BOOKMARK [1][-]{section.4.4}{\376\377\0004\000.\0004\000\040\147\345\213\342\213\315\126\376\120\317\123\026\146\040\134\004\142\200\147\057}{chapter.4}% 31
\BOOKMARK [1][-]{section.4.5}{\376\377\0004\000.\0005\000\040\155\361\134\102\213\355\116\111\123\071\221\115\142\200\147\057}{chapter.4}% 32
\BOOKMARK [1][-]{section.4.6}{\376\377\0004\000.\0006\000\040\000A\000I\0004\000B\133\236\142\030\000@\147\345\213\342\213\315\126\376\120\317\123\026\146\040\134\004\142\200\147\057}{chapter.4}% 33
\BOOKMARK [0][-]{chapter*.10}{\376\377\000\040\123\302\200\003\145\207\163\056}{}% 34
\BOOKMARK [0][-]{chapter.5}{\376\377\173\054\116\224\172\340\000\040\000\040\000\040\125\106\124\301\164\006\211\343\173\227\154\325\142\200\147\057\000\040}{}% 35
\BOOKMARK [1][-]{section.5.1}{\376\377\0005\000.\0001\000\040\125\106\124\301\225\000\221\317\230\204\155\113\116\016\116\272\154\024\122\006\152\041\127\213\000\040}{chapter.5}% 36
\BOOKMARK [1][-]{section.5.2}{\376\377\0005\000.\0002\000\040\213\346\140\305\230\165\156\341\141\017\136\246\152\041\127\213}{chapter.5}% 37
\BOOKMARK [1][-]{section.5.3}{\376\377\0005\000.\0003\000\040\165\050\142\067\155\117\211\310\152\041\127\213\000\046\165\050\142\067\160\271\121\373\156\341\141\017\136\246\152\041\127\213}{chapter.5}% 38
\BOOKMARK [1][-]{section.5.4}{\376\377\0005\000.\0004\000\040\177\121\176\334\145\110\136\224\122\006}{chapter.5}% 39
\BOOKMARK [1][-]{section.5.5}{\376\377\0005\000.\0005\000\040\125\106\124\301\174\007\152\041\127\213}{chapter.5}% 40
\BOOKMARK [1][-]{section.5.6}{\376\377\0005\000.\0006\000\040\000A\000I\0004\000B\133\236\142\030}{chapter.5}% 41
\BOOKMARK [0][-]{chapter*.11}{\376\377\000\040\123\302\200\003\145\207\163\056}{}% 42
\BOOKMARK [0][-]{chapter.6}{\376\377\173\054\121\155\172\340\000\040\000\040\000\040\165\050\142\067\164\006\211\343\173\227\154\325\142\200\147\057\000\040}{}% 43
\BOOKMARK [1][-]{section.6.1}{\376\377\0006\000.\0001\000\040\165\050\142\067\165\073\120\317\152\041\127\213}{chapter.6}% 44
\BOOKMARK [1][-]{section.6.2}{\376\377\0006\000.\0002\000\040\000C\000o\000h\000o\000r\000t\152\041\127\213}{chapter.6}% 45
\BOOKMARK [1][-]{section.6.3}{\376\377\0006\000.\0003\000\040\000A\000I\0004\000B\133\236\142\030}{chapter.6}% 46
\BOOKMARK [0][-]{chapter*.12}{\376\377\000\040\123\302\200\003\145\207\163\056}{}% 47
\BOOKMARK [0][-]{chapter.7}{\376\377\173\054\116\003\172\340\000\040\000\040\116\052\140\047\123\026\144\034\175\042\200\314\124\016\166\204\150\070\137\303\142\200\147\057}{}% 48
\BOOKMARK [1][-]{section.7.1}{\376\377\0007\000.\0001\000\040\123\071\221\115\133\146\116\140}{chapter.7}% 49
\BOOKMARK [2][-]{subsection.7.1.1}{\376\377\0007\000.\0001\000.\0001\000\040\116\000\226\066\116\272\215\047\123\071\221\115\152\041\127\213}{section.7.1}% 50
\BOOKMARK [2][-]{subsection.7.1.2}{\376\377\0007\000.\0001\000.\0002\000\040\232\330\226\066\116\272\215\047\123\071\221\115\152\041\127\213}{section.7.1}% 51
\BOOKMARK [2][-]{subsection.7.1.3}{\376\377\0007\000.\0001\000.\0003\000\040\155\361\136\246\123\071\221\115\152\041\127\213}{section.7.1}% 52
\BOOKMARK [2][-]{subsection.7.1.4}{\376\377\0007\000.\0001\000.\0004\000\040\136\217\122\027\123\071\221\115\152\041\127\213}{section.7.1}% 53
\BOOKMARK [1][-]{section.7.2}{\376\377\0007\000.\0002\000\040\143\222\136\217\133\146\116\140}{chapter.7}% 54
\BOOKMARK [2][-]{subsection.7.2.1}{\376\377\0007\000.\0002\000.\0001\000\040}{section.7.2}% 55
\BOOKMARK [1][-]{section.7.3}{\376\377\0007\000.\0003\000\040\134\125\171\072\133\146\116\140}{chapter.7}% 56
\BOOKMARK [1][-]{section.7.4}{\376\377\0007\000.\0004\000\040\152\041\127\213\123\302\145\160\117\030\123\026}{chapter.7}% 57
\BOOKMARK [1][-]{section.7.5}{\376\377\0007\000.\0005\000\040\000A\000I\0004\000B\133\236\142\030}{chapter.7}% 58
\BOOKMARK [0][-]{chapter*.13}{\376\377\000\040\123\302\200\003\145\207\163\056}{}% 59
\BOOKMARK [0][-]{chapter.8}{\376\377\173\054\121\153\172\340\000\040\000\040\133\236\145\366\213\241\173\227\200\314\124\016\166\204\150\070\137\303\142\200\147\057}{}% 60
\BOOKMARK [1][-]{section.8.1}{\376\377\0008\000.\0001\000\040\127\050\176\277\167\351\226\065\122\006\211\343}{chapter.8}% 61
\BOOKMARK [1][-]{section.8.2}{\376\377\0008\000.\0002\000\040\127\050\176\277\000L\000T\000R}{chapter.8}% 62
\BOOKMARK [1][-]{section.8.3}{\376\377\0008\000.\0003\000\040\127\050\176\277\155\361\136\246\133\146\116\140}{chapter.8}% 63
\BOOKMARK [1][-]{section.8.4}{\376\377\0008\000.\0004\000\040\131\047\211\304\152\041\000W\000D\000L\152\041\127\213}{chapter.8}% 64
\BOOKMARK [1][-]{section.8.5}{\376\377\0008\000.\0005\000\040\000L\000R\000\040\000s\000t\000a\000c\000k\000i\000n\000g\000\040\000o\000n\000\040\000G\000B\000D\000T}{chapter.8}% 65
\BOOKMARK [1][-]{section.8.6}{\376\377\0008\000.\0006\000\040\000A\000I\0004\000B\133\236\142\030}{chapter.8}% 66
\BOOKMARK [0][-]{chapter*.14}{\376\377\000\040\123\302\200\003\145\207\163\056}{}% 67
\BOOKMARK [0][-]{chapter.9}{\376\377\173\054\116\135\172\340\000\040\000\040\000\040\146\172\200\375\121\263\173\126\117\123\174\373\166\204\136\372\172\313\000\040}{}% 68
\BOOKMARK [1][-]{section.9.1}{\376\377\0009\000.\0001\000\040\000\040\127\372\116\216\000M\000A\000B\166\204\143\222\136\217\173\126\165\145\117\030\123\026\000\040}{chapter.9}% 69
\BOOKMARK [1][-]{section.9.2}{\376\377\0009\000.\0002\000\040\000\040\127\372\116\216\000C\000M\000A\000B\166\204\143\222\136\217\173\126\165\145\117\030\123\026\000\040}{chapter.9}% 70
\BOOKMARK [1][-]{section.9.3}{\376\377\0009\000.\0003\000\040\000\040\127\372\116\216\137\072\123\026\133\146\116\140\166\204\143\222\136\217\173\126\165\145\117\030\123\026\000\040}{chapter.9}% 71
\BOOKMARK [1][-]{section.9.4}{\376\377\0009\000.\0004\000\040\000\040\176\247\200\124\137\017\000\040}{chapter.9}% 72
\BOOKMARK [1][-]{section.9.5}{\376\377\0009\000.\0005\000\040\000A\000I\0004\000B\133\236\142\030}{chapter.9}% 73
\BOOKMARK [0][-]{chapter*.15}{\376\377\000\040\123\302\200\003\145\207\163\056}{}% 74
\BOOKMARK [0][-]{chapter.10}{\376\377\173\054\123\101\172\340\000\040\000\040\155\210\215\071\200\005\147\103\166\312\146\172\200\375\122\006\123\321\150\070\137\303\142\200\147\057}{}% 75
\BOOKMARK [1][-]{section.10.1}{\376\377\0001\0000\000.\0001\000\040\215\055\162\151\122\070\000/\176\242\123\005\123\321\145\076\142\200\147\057}{chapter.10}% 76
\BOOKMARK [0][-]{chapter*.16}{\376\377\000\040\123\302\200\003\145\207\163\056}{}% 77
\BOOKMARK [0][-]{chapter.11}{\376\377\173\054\123\101\116\000\172\340\000\040\000\040\217\301\171\373\133\146\116\140}{}% 78
\BOOKMARK [1][-]{section.11.1}{\376\377\0001\0001\000.\0001\000\040\204\045\225\000\127\072\146\157\116\013\166\204\155\361\136\246\217\301\171\373\133\146\116\140\136\224\165\050}{chapter.11}% 79
\BOOKMARK [0][-]{chapter*.17}{\376\377\000\040\123\302\200\003\145\207\163\056}{}% 80
\BOOKMARK [0][-]{chapter.12}{\376\377\173\054\123\101\116\214\172\340\000\040\000\040\133\371\142\227\133\146\116\140}{}% 81
\BOOKMARK [1][-]{section.12.1}{\376\377\0001\0002\000.\0001\000\040\000G\000A\000N\166\204\142\200\147\057\136\224\165\050}{chapter.12}% 82
\BOOKMARK [0][-]{chapter*.19}{\376\377\000\040\123\302\200\003\145\207\163\056}{}% 83
\BOOKMARK [0][-]{chapter.13}{\376\377\173\054\123\101\116\011\172\340\000\040\000\040\000\040\123\315\117\134\137\012\142\200\147\057\000@\155\330\133\235\000\040}{}% 84
\BOOKMARK [0][-]{chapter*.20}{\376\377\000\040\123\302\200\003\145\207\163\056}{}% 85
\BOOKMARK [0][-]{chapter.14}{\376\377\173\054\123\101\126\333\172\340\000\040\000\040\000\040\207\215\121\145\125\106\116\032\173\126\165\145\166\204\155\101\221\317\117\030\123\026\143\242\175\042\000\040}{}% 86
\BOOKMARK [1][-]{section.14.1}{\376\377\0001\0004\000.\0001\000\040\125\106\116\032\123\330\163\260\152\041\137\017\133\371\153\324}{chapter.14}% 87
\BOOKMARK [1][-]{section.14.2}{\376\377\0001\0004\000.\0002\000\040\142\305\117\335\137\017\155\101\221\317\122\006\123\321\174\373\176\337\166\204\173\227\154\325\136\224\165\050}{chapter.14}% 88
\BOOKMARK [2][-]{subsection.14.2.1}{\376\377\0001\0004\000.\0002\000.\0001\000\040\127\372\116\216\000P\000I\000D\143\247\122\066\126\150\166\204\155\101\221\317\122\006\221\115\152\041\127\213}{section.14.2}% 89
\BOOKMARK [1][-]{section.14.3}{\376\377\0001\0004\000.\0003\000\040\232\161\122\250\117\233\136\224\224\376\117\030\123\026\166\204\155\101\221\317\122\006\123\321\174\373\176\337\213\276\213\241}{chapter.14}% 90
\BOOKMARK [1][-]{section.14.4}{\376\377\0001\0004\000.\0004\000\040\125\106\116\032\155\101\221\317\116\016\121\115\215\071\155\101\221\317\147\011\145\110\136\163\210\141\166\204\155\101\221\317\122\006\123\321\174\373\176\337}{chapter.14}% 91
\BOOKMARK [0][-]{chapter*.22}{\376\377\000\040\123\302\200\003\145\207\163\056}{}% 92
\BOOKMARK [0][-]{chapter.15}{\376\377\173\054\123\101\116\224\172\340\000\040\000\040\145\260\142\200\147\057\211\306\211\322\116\013\166\204\144\034\175\042\146\172\200\375\123\026\140\035\200\003}{}% 93
\BOOKMARK [1][-]{section.15.1}{\376\377\0001\0005\000.\0001\000\040\131\032\146\172\200\375\117\123\133\146\116\140}{chapter.15}% 94
\BOOKMARK [1][-]{section.15.2}{\376\377\0001\0005\000.\0002\000\040\137\072\123\026\217\301\171\373\133\146\116\140}{chapter.15}% 95
\BOOKMARK [1][-]{section.15.3}{\376\377\0001\0005\000.\0003\000\040\176\310\165\037\133\146\116\140}{chapter.15}% 96
\BOOKMARK [0][-]{chapter*.23}{\376\377\000\040\123\302\200\003\145\207\163\056}{}% 97
\BOOKMARK [0][-]{chapter*.24}{\376\377\000\040\123\302\200\003\145\207\163\056}{}% 98
