This is XeTeX, Version 3.14159265-2.6-0.99996 (TeX Live 2016) (preloaded format=xelatex 2016.11.28)  13 MAR 2017 17:15
entering extended mode
 restricted \write18 enabled.
 %&-line parsing enabled.
**ANSWER.TEX
(./ANSWER.TEX
LaTeX2e <2016/03/31>
Babel <3.9r> and hyphenation patterns for 83 language(s) loaded.
! Undefined control sequence.
l.3 \phantomsection
                    %Âä†Ëøô‰∏™ÂëΩ‰ª§ÂêéÔºåÁõÆÂΩï‰∏≠ÁöÑË∂ÖÈìæÊé•ÊâçÊåáÂêëÊ≠£Á...
The control sequence at the end of the top line
of your error message was never \def'ed. If you have
misspelled it (e.g., `\hobx'), type `I' and the correct
spelling (e.g., `I\hbox'). Otherwise just continue,
and I'll forget about whatever was undefined.

! Undefined control sequence.
<argument> \zihao 
                  {2}\hei {\color {darkblue}{ÈÉ®ÂàÜ‰π†È¢òÁ≠îÊ°à}}
l.7 ...\hei{\color{darkblue}{ÈÉ®ÂàÜ‰π†È¢òÁ≠îÊ°à}}}
                                                  
The control sequence at the end of the top line
of your error message was never \def'ed. If you have
misspelled it (e.g., `\hobx'), type `I' and the correct
spelling (e.g., `I\hbox'). Otherwise just continue,
and I'll forget about whatever was undefined.

Missing character: There is no 2 in font nullfont!
! Undefined control sequence.
<argument> \zihao {2}\hei 
                          {\color {darkblue}{ÈÉ®ÂàÜ‰π†È¢òÁ≠îÊ°à}}
l.7 ...\hei{\color{darkblue}{ÈÉ®ÂàÜ‰π†È¢òÁ≠îÊ°à}}}
                                                  
The control sequence at the end of the top line
of your error message was never \def'ed. If you have
misspelled it (e.g., `\hobx'), type `I' and the correct
spelling (e.g., `I\hbox'). Otherwise just continue,
and I'll forget about whatever was undefined.

! Undefined control sequence.
<argument> \zihao {2}\hei {\color 
                                  {darkblue}{ÈÉ®ÂàÜ‰π†È¢òÁ≠îÊ°à}}
l.7 ...\hei{\color{darkblue}{ÈÉ®ÂàÜ‰π†È¢òÁ≠îÊ°à}}}
                                                  
The control sequence at the end of the top line
of your error message was never \def'ed. If you have
misspelled it (e.g., `\hobx'), type `I' and the correct
spelling (e.g., `I\hbox'). Otherwise just continue,
and I'll forget about whatever was undefined.

Missing character: There is no d in font nullfont!
Missing character: There is no a in font nullfont!
Missing character: There is no r in font nullfont!
Missing character: There is no k in font nullfont!
Missing character: There is no b in font nullfont!
Missing character: There is no l in font nullfont!
Missing character: There is no u in font nullfont!
Missing character: There is no e in font nullfont!
Missing character: There is no ÈÉ® in font nullfont!
Missing character: There is no ÂàÜ in font nullfont!
Missing character: There is no ‰π† in font nullfont!
Missing character: There is no È¢ò in font nullfont!
Missing character: There is no Á≠î in font nullfont!
Missing character: There is no Ê°à in font nullfont!
! Undefined control sequence.
<argument> \textcolor 
                      {darkblue}{\hei \zihao {4} ‰π†È¢ò‰∏Ä}
l.9 ...xtcolor{darkblue}{\hei\zihao{4} ‰π†È¢ò‰∏Ä}}
                                                  \vspace{0.5cm}
The control sequence at the end of the top line
of your error message was never \def'ed. If you have
misspelled it (e.g., `\hobx'), type `I' and the correct
spelling (e.g., `I\hbox'). Otherwise just continue,
and I'll forget about whatever was undefined.

Missing character: There is no d in font nullfont!
Missing character: There is no a in font nullfont!
Missing character: There is no r in font nullfont!
Missing character: There is no k in font nullfont!
Missing character: There is no b in font nullfont!
Missing character: There is no l in font nullfont!
Missing character: There is no u in font nullfont!
Missing character: There is no e in font nullfont!
! Undefined control sequence.
<argument> \textcolor {darkblue}{\hei 
                                      \zihao {4} ‰π†È¢ò‰∏Ä}
l.9 ...xtcolor{darkblue}{\hei\zihao{4} ‰π†È¢ò‰∏Ä}}
                                                  \vspace{0.5cm}
The control sequence at the end of the top line
of your error message was never \def'ed. If you have
misspelled it (e.g., `\hobx'), type `I' and the correct
spelling (e.g., `I\hbox'). Otherwise just continue,
and I'll forget about whatever was undefined.

! Undefined control sequence.
<argument> \textcolor {darkblue}{\hei \zihao 
                                             {4} ‰π†È¢ò‰∏Ä}
l.9 ...xtcolor{darkblue}{\hei\zihao{4} ‰π†È¢ò‰∏Ä}}
                                                  \vspace{0.5cm}
The control sequence at the end of the top line
of your error message was never \def'ed. If you have
misspelled it (e.g., `\hobx'), type `I' and the correct
spelling (e.g., `I\hbox'). Otherwise just continue,
and I'll forget about whatever was undefined.

Missing character: There is no 4 in font nullfont!
Missing character: There is no ‰π† in font nullfont!
Missing character: There is no È¢ò in font nullfont!
Missing character: There is no ‰∏Ä in font nullfont!

! LaTeX Error: Missing \begin{document}.

See the LaTeX manual or LaTeX Companion for explanation.
Type  H <return>  for immediate help.
 ...                                              
                                                  
l.12 1
      .Êúâ7‰ΩçÊúâÊïàÊï∞Â≠ó
You're in trouble here.  Try typing  <return>  to proceed.
If that doesn't work, type  X <return>  to quit.

Missing character: There is no 1 in font nullfont!
Missing character: There is no . in font nullfont!
Missing character: There is no Êúâ in font nullfont!
Missing character: There is no 7 in font nullfont!
Missing character: There is no ‰Ωç in font nullfont!
Missing character: There is no Êúâ in font nullfont!
Missing character: There is no Êïà in font nullfont!
Missing character: There is no Êï∞ in font nullfont!
Missing character: There is no Â≠ó in font nullfont!

Overfull \hbox (20.0pt too wide) in paragraph at lines 12--13
[] 
 []


! LaTeX Error: Missing \begin{document}.

See the LaTeX manual or LaTeX Companion for explanation.
Type  H <return>  for immediate help.
 ...                                              
                                                  
l.14 2
      .~~816.96Ôºå\qquad 6.0000Ôºå\qquad 17.323Ôºå\qquad 1.2357Ôºå\qquad 93....

You're in trouble here.  Try typing  <return>  to proceed.
If that doesn't work, type  X <return>  to quit.

Missing character: There is no 2 in font nullfont!
Missing character: There is no . in font nullfont!
Missing character: There is no 8 in font nullfont!
Missing character: There is no 1 in font nullfont!
Missing character: There is no 6 in font nullfont!
Missing character: There is no . in font nullfont!
Missing character: There is no 9 in font nullfont!
Missing character: There is no 6 in font nullfont!
Missing character: There is no Ôºå in font nullfont!
Missing character: There is no 6 in font nullfont!
Missing character: There is no . in font nullfont!
Missing character: There is no 0 in font nullfont!
Missing character: There is no 0 in font nullfont!
Missing character: There is no 0 in font nullfont!
Missing character: There is no 0 in font nullfont!
Missing character: There is no Ôºå in font nullfont!
Missing character: There is no 1 in font nullfont!
Missing character: There is no 7 in font nullfont!
Missing character: There is no . in font nullfont!
Missing character: There is no 3 in font nullfont!
Missing character: There is no 2 in font nullfont!
Missing character: There is no 3 in font nullfont!
Missing character: There is no Ôºå in font nullfont!
Missing character: There is no 1 in font nullfont!
Missing character: There is no . in font nullfont!
Missing character: There is no 2 in font nullfont!
Missing character: There is no 3 in font nullfont!
Missing character: There is no 5 in font nullfont!
Missing character: There is no 7 in font nullfont!
Missing character: There is no Ôºå in font nullfont!
Missing character: There is no 9 in font nullfont!
Missing character: There is no 3 in font nullfont!
Missing character: There is no . in font nullfont!
Missing character: There is no 1 in font nullfont!
Missing character: There is no 8 in font nullfont!
Missing character: There is no 2 in font nullfont!
Missing character: There is no Ôºå in font nullfont!
Missing character: There is no 0 in font nullfont!
Missing character: There is no . in font nullfont!
Missing character: There is no 0 in font nullfont!
Missing character: There is no 1 in font nullfont!
Missing character: There is no 5 in font nullfont!
Missing character: There is no 2 in font nullfont!
Missing character: There is no 3 in font nullfont!
Missing character: There is no 6 in font nullfont!
Missing character: There is no Ôºé in font nullfont!

Overfull \hbox (20.0pt too wide) in paragraph at lines 14--15
[]        
 []


! LaTeX Error: Missing \begin{document}.

See the LaTeX manual or LaTeX Companion for explanation.
Type  H <return>  for immediate help.
 ...                                              
                                                  
l.16 3
      .~~5‰ΩçÔºå3‰ΩçÔºå6‰ΩçÔºå4‰ΩçÔºé
You're in trouble here.  Try typing  <return>  to proceed.
If that doesn't work, type  X <return>  to quit.

Missing character: There is no 3 in font nullfont!
Missing character: There is no . in font nullfont!
Missing character: There is no 5 in font nullfont!
Missing character: There is no ‰Ωç in font nullfont!
Missing character: There is no Ôºå in font nullfont!
Missing character: There is no 3 in font nullfont!
Missing character: There is no ‰Ωç in font nullfont!
Missing character: There is no Ôºå in font nullfont!
Missing character: There is no 6 in font nullfont!
Missing character: There is no ‰Ωç in font nullfont!
Missing character: There is no Ôºå in font nullfont!
Missing character: There is no 4 in font nullfont!
Missing character: There is no ‰Ωç in font nullfont!
Missing character: There is no Ôºé in font nullfont!

Overfull \hbox (20.0pt too wide) in paragraph at lines 16--17
[]   
 []


! LaTeX Error: Missing \begin{document}.

See the LaTeX manual or LaTeX Companion for explanation.
Type  H <return>  for immediate help.
 ...                                              
                                                  
l.18 4
      .~~2‰ΩçÊúâÊïàÊï∞Â≠óÔºé
You're in trouble here.  Try typing  <return>  to proceed.
If that doesn't work, type  X <return>  to quit.

Missing character: There is no 4 in font nullfont!
Missing character: There is no . in font nullfont!
Missing character: There is no 2 in font nullfont!
Missing character: There is no ‰Ωç in font nullfont!
Missing character: There is no Êúâ in font nullfont!
Missing character: There is no Êïà in font nullfont!
Missing character: There is no Êï∞ in font nullfont!
Missing character: There is no Â≠ó in font nullfont!
Missing character: There is no Ôºé in font nullfont!

Overfull \hbox (20.0pt too wide) in paragraph at lines 18--19
[]   
 []


! LaTeX Error: Missing \begin{document}.

See the LaTeX manual or LaTeX Companion for explanation.
Type  H <return>  for immediate help.
 ...                                              
                                                  
l.20 5
      .~~0.020685Ôºé
You're in trouble here.  Try typing  <return>  to proceed.
If that doesn't work, type  X <return>  to quit.

Missing character: There is no 5 in font nullfont!
Missing character: There is no . in font nullfont!
Missing character: There is no 0 in font nullfont!
Missing character: There is no . in font nullfont!
Missing character: There is no 0 in font nullfont!
Missing character: There is no 2 in font nullfont!
Missing character: There is no 0 in font nullfont!
Missing character: There is no 6 in font nullfont!
Missing character: There is no 8 in font nullfont!
Missing character: There is no 5 in font nullfont!
Missing character: There is no Ôºé in font nullfont!

Overfull \hbox (20.0pt too wide) in paragraph at lines 20--21
[]   
 []


! LaTeX Error: Missing \begin{document}.

See the LaTeX manual or LaTeX Companion for explanation.
Type  H <return>  for immediate help.
 ...                                              
                                                  
l.22 6
      .~~3‰ΩçÔºå3‰Ωç.
You're in trouble here.  Try typing  <return>  to proceed.
If that doesn't work, type  X <return>  to quit.

Missing character: There is no 6 in font nullfont!
Missing character: There is no . in font nullfont!
Missing character: There is no 3 in font nullfont!
Missing character: There is no ‰Ωç in font nullfont!
Missing character: There is no Ôºå in font nullfont!
Missing character: There is no 3 in font nullfont!
Missing character: There is no ‰Ωç in font nullfont!
Missing character: There is no . in font nullfont!

Overfull \hbox (20.0pt too wide) in paragraph at lines 22--23
[]   
 []


! LaTeX Error: Missing \begin{document}.

See the LaTeX manual or LaTeX Companion for explanation.
Type  H <return>  for immediate help.
 ...                                              
                                                  
l.24 7
      .~~$0.5\times10^{-4}$,~~~~~~$0.8\times10^{-2}$Ôºé
You're in trouble here.  Try typing  <return>  to proceed.
If that doesn't work, type  X <return>  to quit.

Missing character: There is no 7 in font nullfont!
Missing character: There is no . in font nullfont!
LaTeX Font Info:    External font `cmex10' loaded for size
(Font)              <7> on input line 24.
LaTeX Font Info:    External font `cmex10' loaded for size
(Font)              <5> on input line 24.
Missing character: There is no , in font nullfont!
Missing character: There is no Ôºé in font nullfont!

Overfull \hbox (40.55562pt too wide) in paragraph at lines 24--25
[]  $\OT1/cmr/m/n/10 0\OML/cmm/m/it/10 :\OT1/cmr/m/n/10 5 \OMS/cmsy/m/n/10 ^^B
 []


Overfull \hbox (41.2918pt too wide) in paragraph at lines 24--25
\OT1/cmr/m/n/10 10[]$      $0\OML/cmm/m/it/10 :\OT1/cmr/m/n/10 8 \OMS/cmsy/m/n/
10 ^^B
 []


Overfull \hbox (20.73618pt too wide) in paragraph at lines 24--25
\OT1/cmr/m/n/10 10[]$ 
 []

)
! Emergency stop.
<*> ANSWER.TEX
              
*** (job aborted, no legal \end found)

 
Here is how much of TeX's memory you used:
 11 strings out of 493591
 92 string characters out of 6143545
 53754 words of memory out of 5000000
 3519 multiletter control sequences out of 15000+600000
 3640 words of font info for 14 fonts, out of 8000000 for 9000
 1347 hyphenation exceptions out of 8191
 18i,2n,12p,96b,56s stack positions out of 5000i,500n,10000p,200000b,80000s
No pages of output.
